Using pre-set license
Built from '2022.3/staging' branch; Version is '2022.3.3f1 (7cdc2969a641) revision 8182825'; Using compiler version '192829333'; Build Type 'Release'
OS: 'Windows 10  (10.0.19045) 64bit Core' Language: 'es' Physical Memory: 16287 MB
BatchMode: 1, IsHumanControllingUs: 0, StartBugReporterOnCrash: 0, Is64bit: 1, IsPro: 1

COMMAND LINE ARGUMENTS:
C:\Program Files\Unity\Hub\Editor\2022.3.3f1\Editor\Unity.exe
-adb2
-batchMode
-noUpm
-name
AssetImportWorker1
-projectPath
C:/Users/gbala/OneDrive/Escritorio/COPIA PATHOS+ REPO/pathosplus/Unity/PathOS
-logFile
Logs/AssetImportWorker1.log
-srvPort
53984
Successfully changed project path to: C:/Users/gbala/OneDrive/Escritorio/COPIA PATHOS+ REPO/pathosplus/Unity/PathOS
C:/Users/gbala/OneDrive/Escritorio/COPIA PATHOS+ REPO/pathosplus/Unity/PathOS
[UnityMemory] Configuration Parameters - Can be set up in boot.config
    "memorysetup-bucket-allocator-granularity=16"
    "memorysetup-bucket-allocator-bucket-count=8"
    "memorysetup-bucket-allocator-block-size=33554432"
    "memorysetup-bucket-allocator-block-count=8"
    "memorysetup-main-allocator-block-size=16777216"
    "memorysetup-thread-allocator-block-size=16777216"
    "memorysetup-gfx-main-allocator-block-size=16777216"
    "memorysetup-gfx-thread-allocator-block-size=16777216"
    "memorysetup-cache-allocator-block-size=4194304"
    "memorysetup-typetree-allocator-block-size=2097152"
    "memorysetup-profiler-bucket-allocator-granularity=16"
    "memorysetup-profiler-bucket-allocator-bucket-count=8"
    "memorysetup-profiler-bucket-allocator-block-size=33554432"
    "memorysetup-profiler-bucket-allocator-block-count=8"
    "memorysetup-profiler-allocator-block-size=16777216"
    "memorysetup-profiler-editor-allocator-block-size=1048576"
    "memorysetup-temp-allocator-size-main=16777216"
    "memorysetup-job-temp-allocator-block-size=2097152"
    "memorysetup-job-temp-allocator-block-size-background=1048576"
    "memorysetup-job-temp-allocator-reduction-small-platforms=262144"
    "memorysetup-allocator-temp-initial-block-size-main=262144"
    "memorysetup-allocator-temp-initial-block-size-worker=262144"
    "memorysetup-temp-allocator-size-background-worker=32768"
    "memorysetup-temp-allocator-size-job-worker=262144"
    "memorysetup-temp-allocator-size-preload-manager=33554432"
    "memorysetup-temp-allocator-size-nav-mesh-worker=65536"
    "memorysetup-temp-allocator-size-audio-worker=65536"
    "memorysetup-temp-allocator-size-cloud-worker=32768"
    "memorysetup-temp-allocator-size-gi-baking-worker=262144"
    "memorysetup-temp-allocator-size-gfx=262144"
Player connection [9268] Host "[IP] 192.168.0.3 [Port] 0 [Flags] 2 [Guid] 3704379275 [EditorId] 3704379275 [Version] 1048832 [Id] WindowsEditor(7,DESKTOP-P0HJ3SF) [Debug] 1 [PackageName] WindowsEditor [ProjectName] Editor" joined multi-casting on [225.0.0.222:54997]...

Player connection [9268] Host "[IP] 192.168.0.3 [Port] 0 [Flags] 2 [Guid] 3704379275 [EditorId] 3704379275 [Version] 1048832 [Id] WindowsEditor(7,DESKTOP-P0HJ3SF) [Debug] 1 [PackageName] WindowsEditor [ProjectName] Editor" joined alternative multi-casting on [225.0.0.222:34997]...

Refreshing native plugins compatible for Editor in 9.58 ms, found 2 plugins.
Preloading 0 native plugins for Editor in 0.00 ms.
Initialize engine version: 2022.3.3f1 (7cdc2969a641)
[Subsystems] Discovering subsystems at path C:/Program Files/Unity/Hub/Editor/2022.3.3f1/Editor/Data/Resources/UnitySubsystems
[Subsystems] Discovering subsystems at path C:/Users/gbala/OneDrive/Escritorio/COPIA PATHOS+ REPO/pathosplus/Unity/PathOS/Assets
GfxDevice: creating device client; threaded=0; jobified=0
Direct3D:
    Version:  Direct3D 11.0 [level 11.1]
    Renderer: NVIDIA GeForce RTX 3060 (ID=0x2544)
    Vendor:   NVIDIA
    VRAM:     8036 MB
    Driver:   32.0.15.6094
Initialize mono
Mono path[0] = 'C:/Program Files/Unity/Hub/Editor/2022.3.3f1/Editor/Data/Managed'
Mono path[1] = 'C:/Program Files/Unity/Hub/Editor/2022.3.3f1/Editor/Data/MonoBleedingEdge/lib/mono/unityjit-win32'
Mono config path = 'C:/Program Files/Unity/Hub/Editor/2022.3.3f1/Editor/Data/MonoBleedingEdge/etc'
Using monoOptions --debugger-agent=transport=dt_socket,embedding=1,server=y,suspend=n,address=127.0.0.1:56620
Begin MonoManager ReloadAssembly
Registering precompiled unity dll's ...
Register platform support module: C:/Program Files/Unity/Hub/Editor/2022.3.3f1/Editor/Data/PlaybackEngines/WindowsStandaloneSupport/UnityEditor.WindowsStandalone.Extensions.dll
Registered in 0.006877 seconds.
- Loaded All Assemblies, in  0.257 seconds
Native extension for WindowsStandalone target not found
Mono: successfully reloaded assembly
- Finished resetting the current domain, in  0.215 seconds
Domain Reload Profiling: 469ms
	BeginReloadAssembly (66ms)
		ExecutionOrderSort (0ms)
		DisableScriptedObjects (0ms)
		BackupInstance (0ms)
		ReleaseScriptingObjects (0ms)
		CreateAndSetChildDomain (1ms)
	RebuildCommonClasses (24ms)
	RebuildNativeTypeToScriptingClass (8ms)
	initialDomainReloadingComplete (50ms)
	LoadAllAssembliesAndSetupDomain (106ms)
		LoadAssemblies (64ms)
		RebuildTransferFunctionScriptingTraits (0ms)
		AnalyzeDomain (102ms)
			TypeCache.Refresh (101ms)
				TypeCache.ScanAssembly (93ms)
			ScanForSourceGeneratedMonoScriptInfo (0ms)
			ResolveRequiredComponents (0ms)
	FinalizeReload (215ms)
		ReleaseScriptCaches (0ms)
		RebuildScriptCaches (0ms)
		SetupLoadedEditorAssemblies (163ms)
			LogAssemblyErrors (0ms)
			InitializePlatformSupportModulesInManaged (8ms)
			SetLoadedEditorAssemblies (6ms)
			RefreshPlugins (0ms)
			BeforeProcessingInitializeOnLoad (2ms)
			ProcessInitializeOnLoadAttributes (108ms)
			ProcessInitializeOnLoadMethodAttributes (39ms)
			AfterProcessingInitializeOnLoad (0ms)
			EditorAssembliesLoaded (0ms)
		ExecutionOrderSort2 (0ms)
		AwakeInstancesAfterBackupRestoration (0ms)
========================================================================
Worker process is ready to serve import requests
Begin MonoManager ReloadAssembly
Symbol file LoadedFromMemory is not a mono symbol file
- Loaded All Assemblies, in  0.565 seconds
Refreshing native plugins compatible for Editor in 10.07 ms, found 2 plugins.
Native extension for WindowsStandalone target not found
Mono: successfully reloaded assembly
- Finished resetting the current domain, in  0.783 seconds
Domain Reload Profiling: 1345ms
	BeginReloadAssembly (102ms)
		ExecutionOrderSort (0ms)
		DisableScriptedObjects (4ms)
		BackupInstance (0ms)
		ReleaseScriptingObjects (0ms)
		CreateAndSetChildDomain (17ms)
	RebuildCommonClasses (25ms)
	RebuildNativeTypeToScriptingClass (8ms)
	initialDomainReloadingComplete (34ms)
	LoadAllAssembliesAndSetupDomain (393ms)
		LoadAssemblies (256ms)
		RebuildTransferFunctionScriptingTraits (0ms)
		AnalyzeDomain (185ms)
			TypeCache.Refresh (168ms)
				TypeCache.ScanAssembly (158ms)
			ScanForSourceGeneratedMonoScriptInfo (14ms)
			ResolveRequiredComponents (3ms)
	FinalizeReload (784ms)
		ReleaseScriptCaches (0ms)
		RebuildScriptCaches (0ms)
		SetupLoadedEditorAssemblies (624ms)
			LogAssemblyErrors (0ms)
			InitializePlatformSupportModulesInManaged (10ms)
			SetLoadedEditorAssemblies (6ms)
			RefreshPlugins (0ms)
			BeforeProcessingInitializeOnLoad (92ms)
			ProcessInitializeOnLoadAttributes (410ms)
			ProcessInitializeOnLoadMethodAttributes (101ms)
			AfterProcessingInitializeOnLoad (6ms)
			EditorAssembliesLoaded (0ms)
		ExecutionOrderSort2 (0ms)
		AwakeInstancesAfterBackupRestoration (5ms)
Launched and connected shader compiler UnityShaderCompiler.exe after 0.04 seconds
Refreshing native plugins compatible for Editor in 6.55 ms, found 2 plugins.
Preloading 0 native plugins for Editor in 0.00 ms.
Unloading 2552 Unused Serialized files (Serialized files now loaded: 0)
Unloading 61 unused Assets / (68.9 KB). Loaded Objects now: 2999.
Memory consumption went from 110.0 MB to 109.9 MB.
Total: 6.412400 ms (FindLiveObjects: 0.178400 ms CreateObjectMapping: 0.099400 ms MarkObjects: 5.996200 ms  DeleteObjects: 0.137600 ms)

AssetImportParameters requested are different than current active one (requested -> active):
  custom:video-decoder-webm-vp8: 9c59270c3fd7afecdb556c50c9e8de78 -> 
  custom:container-demuxer-ogg: 62fdf1f143b41e24485cea50d1cbac27 -> 
  custom:AudioImporter_EditorPlatform: d09bf68614088b80899f8185d706f6e7 -> 
  custom:video-decoder-ogg-theora: a1e56fd34408186e4bbccfd4996cb3dc -> 
  custom:framework-win-MediaFoundation: 216162199b28c13a410421893ffa2e32 -> 
  custom:video-encoder-webm-vp8: eb34c28f22e8b96e1ab97ce403110664 -> 
  custom:audio-decoder-ogg-vorbis: bf7c407c2cedff20999df2af8eb42d56 -> 
  custom:container-demuxer-webm: 4f35f7cbe854078d1ac9338744f61a02 -> 
  custom:audio-encoder-webm-vorbis: bf7c407c2cedff20999df2af8eb42d56 -> 
  custom:container-muxer-webm: aa71ff27fc2769a1b78a27578f13a17b -> 
========================================================================
Received Import Request.
  Time since last request: 87362.325521 seconds.
  path: Assets/ScreenCapture/capture_211210_204954.png
  artifactKey: Guid(d186e6261a9296146bc62eeb7fd678c5) Importer(815301076,1909f56bfc062723c751e8b465ee728b)
Start importing Assets/ScreenCapture/capture_211210_204954.png using Guid(d186e6261a9296146bc62eeb7fd678c5) Importer(815301076,1909f56bfc062723c751e8b465ee728b)  -> (artifact id: '0fa970c76bb37f45753c077ff066a4bf') in 0.040202 seconds
Number of updated asset objects reloaded before import = 0
Number of asset objects unloaded after import = 2
========================================================================
Received Import Request.
  Time since last request: 0.000018 seconds.
  path: Assets/ScreenCapture/capture_211210_204921.png
  artifactKey: Guid(797a3c5885bf510449d6bd6ea9c0b29b) Importer(815301076,1909f56bfc062723c751e8b465ee728b)
Start importing Assets/ScreenCapture/capture_211210_204921.png using Guid(797a3c5885bf510449d6bd6ea9c0b29b) Importer(815301076,1909f56bfc062723c751e8b465ee728b)  -> (artifact id: 'd4205025ae9382fccc1a2f395d24190d') in 0.010333 seconds
Number of updated asset objects reloaded before import = 0
Number of asset objects unloaded after import = 2
========================================================================
Received Import Request.
  Time since last request: 102.660049 seconds.
  path: Assets/OGVis/Resources/polylinetex.png
  artifactKey: Guid(e40e49af230bbbb41999980a82b4ee74) Importer(815301076,1909f56bfc062723c751e8b465ee728b)
Start importing Assets/OGVis/Resources/polylinetex.png using Guid(e40e49af230bbbb41999980a82b4ee74) Importer(815301076,1909f56bfc062723c751e8b465ee728b)  -> (artifact id: '43332b3568002e0a56a8b0700523bd36') in 0.020665 seconds
Number of updated asset objects reloaded before import = 0
Number of asset objects unloaded after import = 2
========================================================================
Received Import Request.
  Time since last request: 273.305192 seconds.
  path: Assets/Internal Demo/Prefabs/Decoration/Brazier.prefab
  artifactKey: Guid(533938ddec063c343ad09e33ed498c05) Importer(815301076,1909f56bfc062723c751e8b465ee728b)
Start importing Assets/Internal Demo/Prefabs/Decoration/Brazier.prefab using Guid(533938ddec063c343ad09e33ed498c05) Importer(815301076,1909f56bfc062723c751e8b465ee728b)  -> (artifact id: '5f948c13c1611ec875262b2e557f1cc5') in 0.129420 seconds
Number of updated asset objects reloaded before import = 0
Number of asset objects unloaded after import = 10
========================================================================
Received Import Request.
  Time since last request: 0.000016 seconds.
  path: Assets/Internal Demo/Prefabs/Decoration/Fence - Short.prefab
  artifactKey: Guid(989636a0fe3466740b211881ba02f699) Importer(815301076,1909f56bfc062723c751e8b465ee728b)
Start importing Assets/Internal Demo/Prefabs/Decoration/Fence - Short.prefab using Guid(989636a0fe3466740b211881ba02f699) Importer(815301076,1909f56bfc062723c751e8b465ee728b)  -> (artifact id: '15d7948293be564ebd29f06ee3a55678') in 0.166979 seconds
Number of updated asset objects reloaded before import = 0
Number of asset objects unloaded after import = 9
========================================================================
Received Import Request.
  Time since last request: 4.907930 seconds.
  path: Assets/Internal Demo/Prefabs/Level Objects/Collectible - Crystal.prefab
  artifactKey: Guid(74f6672ca4f0c5b47af1155eac558572) Importer(815301076,1909f56bfc062723c751e8b465ee728b)
Start importing Assets/Internal Demo/Prefabs/Level Objects/Collectible - Crystal.prefab using Guid(74f6672ca4f0c5b47af1155eac558572) Importer(815301076,1909f56bfc062723c751e8b465ee728b)  -> (artifact id: '134d53952b60a3b4b18077b60e17cb6b') in 0.327439 seconds
Number of updated asset objects reloaded before import = 0
Number of asset objects unloaded after import = 20
========================================================================
Received Import Request.
  Time since last request: 0.000013 seconds.
  path: Assets/Internal Demo/Prefabs/Level Objects/NPC.prefab
  artifactKey: Guid(b2081baf09046ba45b9e901301d27e5f) Importer(815301076,1909f56bfc062723c751e8b465ee728b)
Start importing Assets/Internal Demo/Prefabs/Level Objects/NPC.prefab using Guid(b2081baf09046ba45b9e901301d27e5f) Importer(815301076,1909f56bfc062723c751e8b465ee728b)  -> (artifact id: '3ea5570fe93a25f3e73f82fbd7f5d366') in 0.046809 seconds
Number of updated asset objects reloaded before import = 0
Number of asset objects unloaded after import = 97
========================================================================
Received Import Request.
  Time since last request: 0.000023 seconds.
  path: Assets/Internal Demo/Prefabs/Level Objects/Large Crystal - Red.prefab
  artifactKey: Guid(03fae07ecdb38884b8aabaf3b20feaf3) Importer(815301076,1909f56bfc062723c751e8b465ee728b)
Start importing Assets/Internal Demo/Prefabs/Level Objects/Large Crystal - Red.prefab using Guid(03fae07ecdb38884b8aabaf3b20feaf3) Importer(815301076,1909f56bfc062723c751e8b465ee728b)  -> (artifact id: 'c6b7d8584b6b48ec77eba73e74dcb4c1') in 0.040721 seconds
Number of updated asset objects reloaded before import = 0
Number of asset objects unloaded after import = 39
========================================================================
Received Import Request.
  Time since last request: 0.000012 seconds.
  path: Assets/Internal Demo/Prefabs/Level Objects/Treasure 2.prefab
  artifactKey: Guid(f2e5d2c51b31de4459d2b546d855ff24) Importer(815301076,1909f56bfc062723c751e8b465ee728b)
Start importing Assets/Internal Demo/Prefabs/Level Objects/Treasure 2.prefab using Guid(f2e5d2c51b31de4459d2b546d855ff24) Importer(815301076,1909f56bfc062723c751e8b465ee728b)  -> (artifact id: '45a5913b280756453e14301d38c3fa21') in 0.089715 seconds
Number of updated asset objects reloaded before import = 0
Number of asset objects unloaded after import = 18
========================================================================
Received Import Request.
  Time since last request: 0.000011 seconds.
  path: Assets/Internal Demo/Prefabs/Level Objects/Tomb.prefab
  artifactKey: Guid(6f37c9dafe5f67c4bb18f586c2a38867) Importer(815301076,1909f56bfc062723c751e8b465ee728b)
Start importing Assets/Internal Demo/Prefabs/Level Objects/Tomb.prefab using Guid(6f37c9dafe5f67c4bb18f586c2a38867) Importer(815301076,1909f56bfc062723c751e8b465ee728b)  -> (artifact id: '9cc4c2dbff3a78970e8d152b571c677e') in 0.015174 seconds
Number of updated asset objects reloaded before import = 0
Number of asset objects unloaded after import = 18
========================================================================
Received Import Request.
  Time since last request: 0.000015 seconds.
  path: Assets/Internal Demo/Prefabs/Level Objects/Large Crystal - Blue.prefab
  artifactKey: Guid(151314ddddc2b1b4690ec5c67050861f) Importer(815301076,1909f56bfc062723c751e8b465ee728b)
Start importing Assets/Internal Demo/Prefabs/Level Objects/Large Crystal - Blue.prefab using Guid(151314ddddc2b1b4690ec5c67050861f) Importer(815301076,1909f56bfc062723c751e8b465ee728b)  -> (artifact id: '73da7b052ee795ac52a2a03631a8855b') in 0.019565 seconds
Number of updated asset objects reloaded before import = 0
Number of asset objects unloaded after import = 39
========================================================================
Received Import Request.
  Time since last request: 0.000012 seconds.
  path: Assets/Internal Demo/Prefabs/Level Objects/House 1.prefab
  artifactKey: Guid(a06aa3e2ed1f2cc4e84596b432289f06) Importer(815301076,1909f56bfc062723c751e8b465ee728b)
Start importing Assets/Internal Demo/Prefabs/Level Objects/House 1.prefab using Guid(a06aa3e2ed1f2cc4e84596b432289f06) Importer(815301076,1909f56bfc062723c751e8b465ee728b)  -> (artifact id: '5c6b22ef782c0f41b473b1f0b4785e24') in 0.079854 seconds
Number of updated asset objects reloaded before import = 0
Number of asset objects unloaded after import = 22
========================================================================
Received Import Request.
  Time since last request: 5.192113 seconds.
  path: Assets/Internal Demo/Raw Assets/Materials/Crystal - Purple.mat
  artifactKey: Guid(9df8602b69f0a464aa9c9277ba61227f) Importer(815301076,1909f56bfc062723c751e8b465ee728b)
Start importing Assets/Internal Demo/Raw Assets/Materials/Crystal - Purple.mat using Guid(9df8602b69f0a464aa9c9277ba61227f) Importer(815301076,1909f56bfc062723c751e8b465ee728b)  -> (artifact id: 'd4b644e3ede6d75362df9a9c148c5127') in 0.039497 seconds
Number of updated asset objects reloaded before import = 0
Number of asset objects unloaded after import = 5
========================================================================
Received Import Request.
  Time since last request: 0.000011 seconds.
  path: Assets/Internal Demo/Raw Assets/Materials/Wood - Birch.mat
  artifactKey: Guid(a0d2a3acd3aefca42a3b171ff10e8d05) Importer(815301076,1909f56bfc062723c751e8b465ee728b)
Start importing Assets/Internal Demo/Raw Assets/Materials/Wood - Birch.mat using Guid(a0d2a3acd3aefca42a3b171ff10e8d05) Importer(815301076,1909f56bfc062723c751e8b465ee728b)  -> (artifact id: '67af55535543f14ed3d61d50982208d0') in 0.012563 seconds
Number of updated asset objects reloaded before import = 0
Number of asset objects unloaded after import = 1
========================================================================
Received Import Request.
  Time since last request: 0.000012 seconds.
  path: Assets/Internal Demo/Raw Assets/Materials/Wood.mat
  artifactKey: Guid(35e37abff1cfc7b48935dfe4c824e20b) Importer(815301076,1909f56bfc062723c751e8b465ee728b)
Start importing Assets/Internal Demo/Raw Assets/Materials/Wood.mat using Guid(35e37abff1cfc7b48935dfe4c824e20b) Importer(815301076,1909f56bfc062723c751e8b465ee728b)  -> (artifact id: '66ced42c6809ce5bdf71041e8100ce94') in 0.010244 seconds
Number of updated asset objects reloaded before import = 0
Number of asset objects unloaded after import = 1
========================================================================
Received Import Request.
  Time since last request: 0.000010 seconds.
  path: Assets/Internal Demo/Raw Assets/Materials/Mana Potion.mat
  artifactKey: Guid(15a99b76e8a76cc42b96a4d02a8e872d) Importer(815301076,1909f56bfc062723c751e8b465ee728b)
Start importing Assets/Internal Demo/Raw Assets/Materials/Mana Potion.mat using Guid(15a99b76e8a76cc42b96a4d02a8e872d) Importer(815301076,1909f56bfc062723c751e8b465ee728b)  -> (artifact id: '700f132c6076e41e9e7a8bd4044f2c91') in 0.009616 seconds
Number of updated asset objects reloaded before import = 0
Number of asset objects unloaded after import = 1
========================================================================
Received Import Request.
  Time since last request: 0.000010 seconds.
  path: Assets/Internal Demo/Raw Assets/Materials/Health Potion.mat
  artifactKey: Guid(62218dda75082bd4ea1c9046562e582d) Importer(815301076,1909f56bfc062723c751e8b465ee728b)
Start importing Assets/Internal Demo/Raw Assets/Materials/Health Potion.mat using Guid(62218dda75082bd4ea1c9046562e582d) Importer(815301076,1909f56bfc062723c751e8b465ee728b)  -> (artifact id: '7c98e0109fb5561e1684d9224604c7d1') in 0.010580 seconds
Number of updated asset objects reloaded before import = 0
Number of asset objects unloaded after import = 1
========================================================================
Received Import Request.
  Time since last request: 18.751879 seconds.
  path: Assets/Internal Demo/Scenes/LevelTemplate/Lightmap-0_comp_light.exr
  artifactKey: Guid(558835374f7138344b49f196ea3604c4) Importer(815301076,1909f56bfc062723c751e8b465ee728b)
Start importing Assets/Internal Demo/Scenes/LevelTemplate/Lightmap-0_comp_light.exr using Guid(558835374f7138344b49f196ea3604c4) Importer(815301076,1909f56bfc062723c751e8b465ee728b)  -> (artifact id: '93a43cd0dd971786d5847b2cc4678aab') in 0.017805 seconds
Number of updated asset objects reloaded before import = 0
Number of asset objects unloaded after import = 2
========================================================================
Received Prepare
Begin MonoManager ReloadAssembly
Symbol file LoadedFromMemory is not a mono symbol file
- Loaded All Assemblies, in  0.482 seconds
Refreshing native plugins compatible for Editor in 6.01 ms, found 2 plugins.
Native extension for WindowsStandalone target not found
Mono: successfully reloaded assembly
- Finished resetting the current domain, in  0.818 seconds
Domain Reload Profiling: 1297ms
	BeginReloadAssembly (113ms)
		ExecutionOrderSort (0ms)
		DisableScriptedObjects (4ms)
		BackupInstance (0ms)
		ReleaseScriptingObjects (0ms)
		CreateAndSetChildDomain (34ms)
	RebuildCommonClasses (22ms)
	RebuildNativeTypeToScriptingClass (8ms)
	initialDomainReloadingComplete (24ms)
	LoadAllAssembliesAndSetupDomain (312ms)
		LoadAssemblies (207ms)
		RebuildTransferFunctionScriptingTraits (0ms)
		AnalyzeDomain (148ms)
			TypeCache.Refresh (145ms)
				TypeCache.ScanAssembly (135ms)
			ScanForSourceGeneratedMonoScriptInfo (0ms)
			ResolveRequiredComponents (2ms)
	FinalizeReload (818ms)
		ReleaseScriptCaches (0ms)
		RebuildScriptCaches (0ms)
		SetupLoadedEditorAssemblies (544ms)
			LogAssemblyErrors (0ms)
			InitializePlatformSupportModulesInManaged (5ms)
			SetLoadedEditorAssemblies (3ms)
			RefreshPlugins (0ms)
			BeforeProcessingInitializeOnLoad (82ms)
			ProcessInitializeOnLoadAttributes (340ms)
			ProcessInitializeOnLoadMethodAttributes (107ms)
			AfterProcessingInitializeOnLoad (6ms)
			EditorAssembliesLoaded (0ms)
		ExecutionOrderSort2 (0ms)
		AwakeInstancesAfterBackupRestoration (5ms)
Refreshing native plugins compatible for Editor in 8.17 ms, found 2 plugins.
Preloading 0 native plugins for Editor in 0.00 ms.
Unloading 2540 Unused Serialized files (Serialized files now loaded: 0)
Unloading 49 unused Assets / (42.5 KB). Loaded Objects now: 3053.
Memory consumption went from 114.1 MB to 114.1 MB.
Total: 5.320700 ms (FindLiveObjects: 0.154600 ms CreateObjectMapping: 0.089200 ms MarkObjects: 5.022000 ms  DeleteObjects: 0.054200 ms)

Prepare: number of updated asset objects reloaded= 0
AssetImportParameters requested are different than current active one (requested -> active):
  custom:video-decoder-webm-vp8: 9c59270c3fd7afecdb556c50c9e8de78 -> 
  custom:container-demuxer-ogg: 62fdf1f143b41e24485cea50d1cbac27 -> 
  custom:AudioImporter_EditorPlatform: d09bf68614088b80899f8185d706f6e7 -> 
  custom:video-decoder-ogg-theora: a1e56fd34408186e4bbccfd4996cb3dc -> 
  custom:framework-win-MediaFoundation: 216162199b28c13a410421893ffa2e32 -> 
  custom:video-encoder-webm-vp8: eb34c28f22e8b96e1ab97ce403110664 -> 
  custom:audio-decoder-ogg-vorbis: bf7c407c2cedff20999df2af8eb42d56 -> 
  custom:container-demuxer-webm: 4f35f7cbe854078d1ac9338744f61a02 -> 
  custom:audio-encoder-webm-vorbis: bf7c407c2cedff20999df2af8eb42d56 -> 
  custom:container-muxer-webm: aa71ff27fc2769a1b78a27578f13a17b -> 
========================================================================
Received Import Request.
  Time since last request: 262.618568 seconds.
  path: Assets/Gizmos/entity_null.png
  artifactKey: Guid(d84fcc5ef1011a443b0eb414e0e516eb) Importer(815301076,1909f56bfc062723c751e8b465ee728b)
Start importing Assets/Gizmos/entity_null.png using Guid(d84fcc5ef1011a443b0eb414e0e516eb) Importer(815301076,1909f56bfc062723c751e8b465ee728b)  -> (artifact id: '116e928d6323cb3f809dc26cd7100bd2') in 0.055522 seconds
Number of updated asset objects reloaded before import = 0
Number of asset objects unloaded after import = 3
========================================================================
Received Import Request.
  Time since last request: 0.000012 seconds.
  path: Assets/Gizmos/hazard_enemy_low.png
  artifactKey: Guid(709948560c56fbb49b4cabc98bd95646) Importer(815301076,1909f56bfc062723c751e8b465ee728b)
Start importing Assets/Gizmos/hazard_enemy_low.png using Guid(709948560c56fbb49b4cabc98bd95646) Importer(815301076,1909f56bfc062723c751e8b465ee728b)  -> (artifact id: '59621dcb1bd089f53deabcf17098cd7c') in 0.032743 seconds
Number of updated asset objects reloaded before import = 0
Number of asset objects unloaded after import = 2
========================================================================
Received Import Request.
  Time since last request: 0.000010 seconds.
  path: Assets/Gizmos/resource_achievement.png
  artifactKey: Guid(a39642beb8cf9b149beefcd06c73c161) Importer(815301076,1909f56bfc062723c751e8b465ee728b)
Start importing Assets/Gizmos/resource_achievement.png using Guid(a39642beb8cf9b149beefcd06c73c161) Importer(815301076,1909f56bfc062723c751e8b465ee728b)  -> (artifact id: '863b052c96577b222f050a54d70cac56') in 0.015665 seconds
Number of updated asset objects reloaded before import = 0
Number of asset objects unloaded after import = 3
========================================================================
Received Import Request.
  Time since last request: 0.000010 seconds.
  path: Assets/Gizmos/eyecon.png
  artifactKey: Guid(cc97256feea8747499af671fcfa34f97) Importer(815301076,1909f56bfc062723c751e8b465ee728b)
Start importing Assets/Gizmos/eyecon.png using Guid(cc97256feea8747499af671fcfa34f97) Importer(815301076,1909f56bfc062723c751e8b465ee728b)  -> (artifact id: '5af6ea3e3750d0040630df676b5f60d6') in 0.021312 seconds
Number of updated asset objects reloaded before import = 0
Number of asset objects unloaded after import = 3
========================================================================
Received Import Request.
  Time since last request: 0.000010 seconds.
  path: Assets/Gizmos/unreachable.png
  artifactKey: Guid(8e411f0a1fb86ad49b030c554afd6428) Importer(815301076,1909f56bfc062723c751e8b465ee728b)
Start importing Assets/Gizmos/unreachable.png using Guid(8e411f0a1fb86ad49b030c554afd6428) Importer(815301076,1909f56bfc062723c751e8b465ee728b)  -> (artifact id: 'd8ea0968618d36a0badd753d1facc77a') in 0.063044 seconds
Number of updated asset objects reloaded before import = 0
Number of asset objects unloaded after import = 3
========================================================================
Received Import Request.
  Time since last request: 0.000013 seconds.
  path: Assets/Gizmos/resource_preservation_high.png
  artifactKey: Guid(0d866139ae217354ba6631c7529184f0) Importer(815301076,1909f56bfc062723c751e8b465ee728b)
Start importing Assets/Gizmos/resource_preservation_high.png using Guid(0d866139ae217354ba6631c7529184f0) Importer(815301076,1909f56bfc062723c751e8b465ee728b)  -> (artifact id: '3e465b0a3bfdcfeb9ff2aca23c1199b9') in 0.046195 seconds
Number of updated asset objects reloaded before import = 0
Number of asset objects unloaded after import = 2
========================================================================
Received Import Request.
  Time since last request: 0.000017 seconds.
  path: Assets/Gizmos/goal_optional.png
  artifactKey: Guid(3494c31646a9405488f202562fa352c6) Importer(815301076,1909f56bfc062723c751e8b465ee728b)
Start importing Assets/Gizmos/goal_optional.png using Guid(3494c31646a9405488f202562fa352c6) Importer(815301076,1909f56bfc062723c751e8b465ee728b)  -> (artifact id: 'c8e8dfca248483875f62c4c9875eddb3') in 0.048852 seconds
Number of updated asset objects reloaded before import = 0
Number of asset objects unloaded after import = 3
========================================================================
Received Import Request.
  Time since last request: 0.000013 seconds.
  path: Assets/Gizmos/hazard_enemy_boss.png
  artifactKey: Guid(40929cb8501002641932d9a616a507c7) Importer(815301076,1909f56bfc062723c751e8b465ee728b)
Start importing Assets/Gizmos/hazard_enemy_boss.png using Guid(40929cb8501002641932d9a616a507c7) Importer(815301076,1909f56bfc062723c751e8b465ee728b)  -> (artifact id: 'ec7bda4b617ef29517c94832be7bdf32') in 0.017201 seconds
Number of updated asset objects reloaded before import = 0
Number of asset objects unloaded after import = 2
========================================================================
Received Import Request.
  Time since last request: 0.000012 seconds.
  path: Assets/Gizmos/poi_npc.png
  artifactKey: Guid(72fb2a3d4038636478d913e142f4bebb) Importer(815301076,1909f56bfc062723c751e8b465ee728b)
Start importing Assets/Gizmos/poi_npc.png using Guid(72fb2a3d4038636478d913e142f4bebb) Importer(815301076,1909f56bfc062723c751e8b465ee728b)  -> (artifact id: 'e6fa786127a7c8e2b473192976ad490f') in 0.012475 seconds
Number of updated asset objects reloaded before import = 0
Number of asset objects unloaded after import = 3
========================================================================
Received Import Request.
  Time since last request: 0.000011 seconds.
  path: Assets/Gizmos/resource_preservation_low.png
  artifactKey: Guid(f445b1a15c67a0445ae0ec41eec167db) Importer(815301076,1909f56bfc062723c751e8b465ee728b)
Start importing Assets/Gizmos/resource_preservation_low.png using Guid(f445b1a15c67a0445ae0ec41eec167db) Importer(815301076,1909f56bfc062723c751e8b465ee728b)  -> (artifact id: 'a7d1c5cb8b68ff72f2de830a1fa7baa5') in 0.011202 seconds
Number of updated asset objects reloaded before import = 0
Number of asset objects unloaded after import = 2
Editor requested this worker to shutdown with reason: Scaling down because of idle timeout
TcpMessagingSession - receive error: operation aborted. errorcode: 995, details: La operación de E/S se anuló por una salida de subproceso o por una solicitud de aplicación.
AssetImportWorker is now disconnected from the server
Process exiting
Exiting without the bug reporter. Application will terminate with return code 0